Using pre-set license
Built from '2021.3/staging' branch; Version is '2021.3.10f1 (1c7d0df0160b) revision 1867021'; Using compiler version '192829333'; Build Type 'Release'
OS: 'Windows 11  (10.0.22621) 64bit Core' Language: 'en' Physical Memory: 16215 MB
BatchMode: 1, IsHumanControllingUs: 0, StartBugReporterOnCrash: 0, Is64bit: 1, IsPro: 1

COMMAND LINE ARGUMENTS:
C:\Program Files\Unity\Hub\Editor\2021.3.10f1\Editor\Unity.exe
-adb2
-batchMode
-noUpm
-name
AssetImportWorker3
-projectPath
C:/Users/migue/Pictures/Jairo/2022B/IDNP/FinalProyect/FinalProyect
-logFile
Logs/AssetImportWorker3.log
-srvPort
15634
Successfully changed project path to: C:/Users/migue/Pictures/Jairo/2022B/IDNP/FinalProyect/FinalProyect
C:/Users/migue/Pictures/Jairo/2022B/IDNP/FinalProyect/FinalProyect
[UnityMemory] Configuration Parameters - Can be set up in boot.config
    "memorysetup-bucket-allocator-granularity=16"
    "memorysetup-bucket-allocator-bucket-count=8"
    "memorysetup-bucket-allocator-block-size=33554432"
    "memorysetup-bucket-allocator-block-count=8"
    "memorysetup-main-allocator-block-size=16777216"
    "memorysetup-thread-allocator-block-size=16777216"
    "memorysetup-gfx-main-allocator-block-size=16777216"
    "memorysetup-gfx-thread-allocator-block-size=16777216"
    "memorysetup-cache-allocator-block-size=4194304"
    "memorysetup-typetree-allocator-block-size=2097152"
    "memorysetup-profiler-bucket-allocator-granularity=16"
    "memorysetup-profiler-bucket-allocator-bucket-count=8"
    "memorysetup-profiler-bucket-allocator-block-size=33554432"
    "memorysetup-profiler-bucket-allocator-block-count=8"
    "memorysetup-profiler-allocator-block-size=16777216"
    "memorysetup-profiler-editor-allocator-block-size=1048576"
    "memorysetup-temp-allocator-size-main=16777216"
    "memorysetup-job-temp-allocator-block-size=2097152"
    "memorysetup-job-temp-allocator-block-size-background=1048576"
    "memorysetup-job-temp-allocator-reduction-small-platforms=262144"
    "memorysetup-temp-allocator-size-background-worker=32768"
    "memorysetup-temp-allocator-size-job-worker=262144"
    "memorysetup-temp-allocator-size-preload-manager=33554432"
    "memorysetup-temp-allocator-size-nav-mesh-worker=65536"
    "memorysetup-temp-allocator-size-audio-worker=65536"
    "memorysetup-temp-allocator-size-cloud-worker=32768"
    "memorysetup-temp-allocator-size-gi-baking-worker=262144"
    "memorysetup-temp-allocator-size-gfx=262144"
Refreshing native plugins compatible for Editor in 105.61 ms, found 3 plugins.
Preloading 0 native plugins for Editor in 0.00 ms.
Initialize engine version: 2021.3.10f1 (1c7d0df0160b)
[Subsystems] Discovering subsystems at path C:/Program Files/Unity/Hub/Editor/2021.3.10f1/Editor/Data/Resources/UnitySubsystems
[Subsystems] Discovering subsystems at path C:/Users/migue/Pictures/Jairo/2022B/IDNP/FinalProyect/FinalProyect/Assets
GfxDevice: creating device client; threaded=0; jobified=0
Direct3D:
    Version:  Direct3D 11.0 [level 11.1]
    Renderer: NVIDIA GeForce RTX 2060 (ID=0x1f15)
    Vendor:   NVIDIA
    VRAM:     5968 MB
    Driver:   31.0.15.2698
Initialize mono
Mono path[0] = 'C:/Program Files/Unity/Hub/Editor/2021.3.10f1/Editor/Data/Managed'
Mono path[1] = 'C:/Program Files/Unity/Hub/Editor/2021.3.10f1/Editor/Data/MonoBleedingEdge/lib/mono/unityjit-win32'
Mono config path = 'C:/Program Files/Unity/Hub/Editor/2021.3.10f1/Editor/Data/MonoBleedingEdge/etc'
Using monoOptions --debugger-agent=transport=dt_socket,embedding=1,server=y,suspend=n,address=127.0.0.1:56580
Begin MonoManager ReloadAssembly
Registering precompiled unity dll's ...
Register platform support module: C:/Program Files/Unity/Hub/Editor/2021.3.10f1/Editor/Data/PlaybackEngines/WebGLSupport/UnityEditor.WebGL.Extensions.dll
Register platform support module: C:/Program Files/Unity/Hub/Editor/2021.3.10f1/Editor/Data/PlaybackEngines/WindowsStandaloneSupport/UnityEditor.WindowsStandalone.Extensions.dll
Registered in 0.004956 seconds.
Native extension for WindowsStandalone target not found
Native extension for WebGL target not found
Refreshing native plugins compatible for Editor in 90.21 ms, found 3 plugins.
Preloading 0 native plugins for Editor in 0.00 ms.
Mono: successfully reloaded assembly
- Completed reload, in  0.653 seconds
Domain Reload Profiling:
	ReloadAssembly (654ms)
		BeginReloadAssembly (75ms)
			ExecutionOrderSort (0ms)
			DisableScriptedObjects (0ms)
			BackupInstance (0ms)
			ReleaseScriptingObjects (0ms)
			CreateAndSetChildDomain (1ms)
		EndReloadAssembly (471ms)
			LoadAssemblies (74ms)
			RebuildTransferFunctionScriptingTraits (0ms)
			SetupTypeCache (117ms)
			ReleaseScriptCaches (0ms)
			RebuildScriptCaches (29ms)
			SetupLoadedEditorAssemblies (275ms)
				LogAssemblyErrors (0ms)
				InitializePlatformSupportModulesInManaged (8ms)
				SetLoadedEditorAssemblies (0ms)
				RefreshPlugins (90ms)
				BeforeProcessingInitializeOnLoad (1ms)
				ProcessInitializeOnLoadAttributes (133ms)
				ProcessInitializeOnLoadMethodAttributes (42ms)
				AfterProcessingInitializeOnLoad (0ms)
				EditorAssembliesLoaded (0ms)
			ExecutionOrderSort2 (0ms)
			AwakeInstancesAfterBackupRestoration (0ms)
Platform modules already initialized, skipping
Registering precompiled user dll's ...
Registered in 0.004949 seconds.
Begin MonoManager ReloadAssembly
Symbol file LoadedFromMemory doesn't match image C:\Users\migue\Pictures\Jairo\2022B\IDNP\FinalProyect\FinalProyect\Library\PackageCache\com.unity.visualscripting@1.7.8\Editor\VisualScripting.Core\Dependencies\YamlDotNet\Unity.VisualScripting.YamlDotNet.dll
Symbol file LoadedFromMemory doesn't match image C:\Users\migue\Pictures\Jairo\2022B\IDNP\FinalProyect\FinalProyect\Library\PackageCache\com.unity.visualscripting@1.7.8\Editor\VisualScripting.Core\Dependencies\DotNetZip\Unity.VisualScripting.IonicZip.dll
Native extension for WindowsStandalone target not found
Native extension for WebGL target not found
Refreshing native plugins compatible for Editor in 0.63 ms, found 3 plugins.
Preloading 0 native plugins for Editor in 0.00 ms.
Mono: successfully reloaded assembly
- Completed reload, in  1.060 seconds
Domain Reload Profiling:
	ReloadAssembly (1061ms)
		BeginReloadAssembly (114ms)
			ExecutionOrderSort (0ms)
			DisableScriptedObjects (7ms)
			BackupInstance (0ms)
			ReleaseScriptingObjects (0ms)
			CreateAndSetChildDomain (21ms)
		EndReloadAssembly (824ms)
			LoadAssemblies (74ms)
			RebuildTransferFunctionScriptingTraits (0ms)
			SetupTypeCache (281ms)
			ReleaseScriptCaches (1ms)
			RebuildScriptCaches (57ms)
			SetupLoadedEditorAssemblies (364ms)
				LogAssemblyErrors (0ms)
				InitializePlatformSupportModulesInManaged (7ms)
				SetLoadedEditorAssemblies (0ms)
				RefreshPlugins (1ms)
				BeforeProcessingInitializeOnLoad (85ms)
				ProcessInitializeOnLoadAttributes (237ms)
				ProcessInitializeOnLoadMethodAttributes (28ms)
				AfterProcessingInitializeOnLoad (6ms)
				EditorAssembliesLoaded (0ms)
			ExecutionOrderSort2 (0ms)
			AwakeInstancesAfterBackupRestoration (6ms)
Platform modules already initialized, skipping
========================================================================
Worker process is ready to serve import requests
Launched and connected shader compiler UnityShaderCompiler.exe after 0.04 seconds
Refreshing native plugins compatible for Editor in 0.56 ms, found 3 plugins.
Preloading 0 native plugins for Editor in 0.00 ms.
Unloading 3400 Unused Serialized files (Serialized files now loaded: 0)
Unloading 26 unused Assets / (88.0 KB). Loaded Objects now: 3864.
Memory consumption went from 119.6 MB to 119.5 MB.
Total: 4.536200 ms (FindLiveObjects: 0.366500 ms CreateObjectMapping: 0.372600 ms MarkObjects: 3.650000 ms  DeleteObjects: 0.146100 ms)

AssetImportParameters requested are different than current active one (requested -> active):
  custom:video-decoder-ogg-theora: a1e56fd34408186e4bbccfd4996cb3dc -> 
  custom:container-muxer-webm: aa71ff27fc2769a1b78a27578f13a17b -> 
  custom:container-demuxer-webm: 4f35f7cbe854078d1ac9338744f61a02 -> 
  custom:video-encoder-webm-vp8: eb34c28f22e8b96e1ab97ce403110664 -> 
  custom:audio-encoder-webm-vorbis: bf7c407c2cedff20999df2af8eb42d56 -> 
  custom:framework-win-MediaFoundation: 216162199b28c13a410421893ffa2e32 -> 
  custom:container-demuxer-ogg: 62fdf1f143b41e24485cea50d1cbac27 -> 
  custom:video-decoder-webm-vp8: 9c59270c3fd7afecdb556c50c9e8de78 -> 
  custom:audio-decoder-ogg-vorbis: bf7c407c2cedff20999df2af8eb42d56 -> 
========================================================================
Received Import Request.
  Time since last request: 301498.491553 seconds.
  path: Assets/Models/billboard_3D_basic.fbx
  artifactKey: Guid(bfd51be9879bcf24e99d320f8e47673d) Importer(815301076,1909f56bfc062723c751e8b465ee728b)
Start importing Assets/Models/billboard_3D_basic.fbx using Guid(bfd51be9879bcf24e99d320f8e47673d) Importer(815301076,1909f56bfc062723c751e8b465ee728b)  -> (artifact id: '075983444b03a3bcdedf5cd197ca049e') in 0.217616 seconds 
========================================================================
Received Import Request.
  Time since last request: 0.000035 seconds.
  path: Assets/Models/Mesh_ReachPoint_Objective.fbx
  artifactKey: Guid(6eef7207a3e950f49a9a04f459a745c4) Importer(815301076,1909f56bfc062723c751e8b465ee728b)
Start importing Assets/Models/Mesh_ReachPoint_Objective.fbx using Guid(6eef7207a3e950f49a9a04f459a745c4) Importer(815301076,1909f56bfc062723c751e8b465ee728b)  -> (artifact id: 'a9471bc92249ae241eaf537c86025fa1') in 0.036167 seconds 
========================================================================
Received Import Request.
  Time since last request: 0.000038 seconds.
  path: Assets/Models/Crystal.fbx
  artifactKey: Guid(bc98cf7f8a32ea8438b5e8524e3e0954) Importer(815301076,1909f56bfc062723c751e8b465ee728b)
Start importing Assets/Models/Crystal.fbx using Guid(bc98cf7f8a32ea8438b5e8524e3e0954) Importer(815301076,1909f56bfc062723c751e8b465ee728b)  -> (artifact id: '7b1e21b848c97c7dd6f6f4bcba8eb528') in 0.026928 seconds 
========================================================================
Received Import Request.
  Time since last request: 0.000029 seconds.
  path: Assets/Models/Pillar.fbx
  artifactKey: Guid(6fe45f734c744e94b9133542dd0a73a4) Importer(815301076,1909f56bfc062723c751e8b465ee728b)
Start importing Assets/Models/Pillar.fbx using Guid(6fe45f734c744e94b9133542dd0a73a4) Importer(815301076,1909f56bfc062723c751e8b465ee728b)  -> (artifact id: '00af847105f39bf7b4e0d60e2e3169a4') in 0.023402 seconds 
========================================================================
Received Import Request.
  Time since last request: 0.000028 seconds.
  path: Assets/Models/MoaiHead.fbx
  artifactKey: Guid(c45e40b1c6572db4e9744743c1919da3) Importer(815301076,1909f56bfc062723c751e8b465ee728b)
Start importing Assets/Models/MoaiHead.fbx using Guid(c45e40b1c6572db4e9744743c1919da3) Importer(815301076,1909f56bfc062723c751e8b465ee728b)  -> (artifact id: 'c476057be522dd52a58bf670251dc29e') in 0.032374 seconds 
========================================================================
Received Import Request.
  Time since last request: 0.000018 seconds.
  path: Assets/Models/OBJBasic_Floor.obj
  artifactKey: Guid(8877f0e1b5d2c3441bbee14b5183caed) Importer(815301076,1909f56bfc062723c751e8b465ee728b)
Start importing Assets/Models/OBJBasic_Floor.obj using Guid(8877f0e1b5d2c3441bbee14b5183caed) Importer(815301076,1909f56bfc062723c751e8b465ee728b)  -> (artifact id: 'f160a5a8b78ea7f13febe8be291a4a26') in 0.041125 seconds 
========================================================================
Received Import Request.
  Time since last request: 0.000031 seconds.
  path: Assets/Models/Pyramid.fbx
  artifactKey: Guid(2c765ea74fca41b4982b17477da15af1) Importer(815301076,1909f56bfc062723c751e8b465ee728b)
Start importing Assets/Models/Pyramid.fbx using Guid(2c765ea74fca41b4982b17477da15af1) Importer(815301076,1909f56bfc062723c751e8b465ee728b)  -> (artifact id: '247bb772b0859928e8035d6f5bb0b2b1') in 0.034320 seconds 
========================================================================
Received Import Request.
  Time since last request: 0.000020 seconds.
  path: Assets/Models/Lollipop.fbx
  artifactKey: Guid(a137a999e374fde4399080d97d3004a4) Importer(815301076,1909f56bfc062723c751e8b465ee728b)
Start importing Assets/Models/Lollipop.fbx using Guid(a137a999e374fde4399080d97d3004a4) Importer(815301076,1909f56bfc062723c751e8b465ee728b)  -> (artifact id: '68a036c68758f4f42993323634a41f97') in 0.065485 seconds 
========================================================================
Received Import Request.
  Time since last request: 0.000034 seconds.
  path: Assets/Models/Mesh_WireframeRangeCage.fbx
  artifactKey: Guid(8352d954ad764fb4dbe6052bb577f457) Importer(815301076,1909f56bfc062723c751e8b465ee728b)
Start importing Assets/Models/Mesh_WireframeRangeCage.fbx using Guid(8352d954ad764fb4dbe6052bb577f457) Importer(815301076,1909f56bfc062723c751e8b465ee728b)  -> (artifact id: 'c85d23ef5342987d6a82a045e78825ba') in 0.028443 seconds 
========================================================================
Received Import Request.
  Time since last request: 0.000036 seconds.
  path: Assets/Models/Mesh_Statue_Big.fbx
  artifactKey: Guid(94e24444a229b604e875d844113b4453) Importer(815301076,1909f56bfc062723c751e8b465ee728b)
Start importing Assets/Models/Mesh_Statue_Big.fbx using Guid(94e24444a229b604e875d844113b4453) Importer(815301076,1909f56bfc062723c751e8b465ee728b)  -> (artifact id: 'e2f4f824f729a7685e6c777ffab74ba7') in 0.021623 seconds 
========================================================================
Received Import Request.
  Time since last request: 0.000035 seconds.
  path: Assets/Models/Mesh_Statue_Wall.fbx
  artifactKey: Guid(fb86fde70904e3542b510a5cbe4f9afd) Importer(815301076,1909f56bfc062723c751e8b465ee728b)
Start importing Assets/Models/Mesh_Statue_Wall.fbx using Guid(fb86fde70904e3542b510a5cbe4f9afd) Importer(815301076,1909f56bfc062723c751e8b465ee728b)  -> (artifact id: '0c5b8e530e35dfff792b974b22eabc73') in 0.021606 seconds 
========================================================================
Received Import Request.
  Time since last request: 0.000019 seconds.
  path: Assets/Models/Pyramid_Sign.obj
  artifactKey: Guid(69f3cecf460571248ac43940d910c239) Importer(815301076,1909f56bfc062723c751e8b465ee728b)
Start importing Assets/Models/Pyramid_Sign.obj using Guid(69f3cecf460571248ac43940d910c239) Importer(815301076,1909f56bfc062723c751e8b465ee728b)  -> (artifact id: '7fd7770f59c116fef9e2f5475abfea7a') in 0.032706 seconds 
========================================================================
Received Import Request.
  Time since last request: 0.000023 seconds.
  path: Assets/Models/OBJWall_Door.obj
  artifactKey: Guid(6ab5e3c729cfd24439fa3f2e610bdad1) Importer(815301076,1909f56bfc062723c751e8b465ee728b)
Start importing Assets/Models/OBJWall_Door.obj using Guid(6ab5e3c729cfd24439fa3f2e610bdad1) Importer(815301076,1909f56bfc062723c751e8b465ee728b)  -> (artifact id: '51b548d90a6f98ea7466ac8096d1e802') in 0.034190 seconds 
========================================================================
Received Import Request.
  Time since last request: 0.000045 seconds.
  path: Assets/Models/Triangle_Sign.obj
  artifactKey: Guid(e2efd5c63683de740b5a37410cdd782c) Importer(815301076,1909f56bfc062723c751e8b465ee728b)
Start importing Assets/Models/Triangle_Sign.obj using Guid(e2efd5c63683de740b5a37410cdd782c) Importer(815301076,1909f56bfc062723c751e8b465ee728b)  -> (artifact id: 'd77012befb56197326daab459c520328') in 0.036510 seconds 
========================================================================
Received Import Request.
  Time since last request: 0.000019 seconds.
  path: Assets/Models/OBJDun_BigDoor.obj
  artifactKey: Guid(521fa48dff52b2c4f93db3a21382f05f) Importer(815301076,1909f56bfc062723c751e8b465ee728b)
Start importing Assets/Models/OBJDun_BigDoor.obj using Guid(521fa48dff52b2c4f93db3a21382f05f) Importer(815301076,1909f56bfc062723c751e8b465ee728b)  -> (artifact id: 'c10b576bd2caee03e0ae52d27724ada3') in 0.036266 seconds 
========================================================================
Received Import Request.
  Time since last request: 0.000044 seconds.
  path: Assets/Models/OBJWall_Window.obj
  artifactKey: Guid(834087aef36adff42a8fded672d5fdba) Importer(815301076,1909f56bfc062723c751e8b465ee728b)
Start importing Assets/Models/OBJWall_Window.obj using Guid(834087aef36adff42a8fded672d5fdba) Importer(815301076,1909f56bfc062723c751e8b465ee728b)  -> (artifact id: 'e78f28b862e64b9f2dc2726f7e12a387') in 0.031500 seconds 
========================================================================
Received Import Request.
  Time since last request: 0.000081 seconds.
  path: Assets/Models/Mesh_Projectile.fbx
  artifactKey: Guid(5d347f489eb9a614896cfbfd00aaabc9) Importer(815301076,1909f56bfc062723c751e8b465ee728b)
Start importing Assets/Models/Mesh_Projectile.fbx using Guid(5d347f489eb9a614896cfbfd00aaabc9) Importer(815301076,1909f56bfc062723c751e8b465ee728b)  -> (artifact id: 'bade1466a9e8ffe0c97e6e17eaddbb90') in 0.030590 seconds 
Editor requested this worker to shutdown with reason: Scaling down because of idle timeout
AssetImportWorker is now disconnected from the server
Process exiting
Exiting without the bug reporter. Application will terminate with return code 0