Using pre-set license
Built from '2021.3/staging' branch; Version is '2021.3.10f1 (1c7d0df0160b) revision 1867021'; Using compiler version '192829333'; Build Type 'Release'
OS: 'Windows 11  (10.0.22621) 64bit Core' Language: 'en' Physical Memory: 16215 MB
BatchMode: 1, IsHumanControllingUs: 0, StartBugReporterOnCrash: 0, Is64bit: 1, IsPro: 1

COMMAND LINE ARGUMENTS:
C:\Program Files\Unity\Hub\Editor\2021.3.10f1\Editor\Unity.exe
-adb2
-batchMode
-noUpm
-name
AssetImportWorker0
-projectPath
C:/Users/migue/Pictures/Jairo/2022B/IDNP/FinalProyect/FinalProyect
-logFile
Logs/AssetImportWorker0.log
-srvPort
15634
Successfully changed project path to: C:/Users/migue/Pictures/Jairo/2022B/IDNP/FinalProyect/FinalProyect
C:/Users/migue/Pictures/Jairo/2022B/IDNP/FinalProyect/FinalProyect
[UnityMemory] Configuration Parameters - Can be set up in boot.config
    "memorysetup-bucket-allocator-granularity=16"
    "memorysetup-bucket-allocator-bucket-count=8"
    "memorysetup-bucket-allocator-block-size=33554432"
    "memorysetup-bucket-allocator-block-count=8"
    "memorysetup-main-allocator-block-size=16777216"
    "memorysetup-thread-allocator-block-size=16777216"
    "memorysetup-gfx-main-allocator-block-size=16777216"
    "memorysetup-gfx-thread-allocator-block-size=16777216"
    "memorysetup-cache-allocator-block-size=4194304"
    "memorysetup-typetree-allocator-block-size=2097152"
    "memorysetup-profiler-bucket-allocator-granularity=16"
    "memorysetup-profiler-bucket-allocator-bucket-count=8"
    "memorysetup-profiler-bucket-allocator-block-size=33554432"
    "memorysetup-profiler-bucket-allocator-block-count=8"
    "memorysetup-profiler-allocator-block-size=16777216"
    "memorysetup-profiler-editor-allocator-block-size=1048576"
    "memorysetup-temp-allocator-size-main=16777216"
    "memorysetup-job-temp-allocator-block-size=2097152"
    "memorysetup-job-temp-allocator-block-size-background=1048576"
    "memorysetup-job-temp-allocator-reduction-small-platforms=262144"
    "memorysetup-temp-allocator-size-background-worker=32768"
    "memorysetup-temp-allocator-size-job-worker=262144"
    "memorysetup-temp-allocator-size-preload-manager=33554432"
    "memorysetup-temp-allocator-size-nav-mesh-worker=65536"
    "memorysetup-temp-allocator-size-audio-worker=65536"
    "memorysetup-temp-allocator-size-cloud-worker=32768"
    "memorysetup-temp-allocator-size-gi-baking-worker=262144"
    "memorysetup-temp-allocator-size-gfx=262144"
Refreshing native plugins compatible for Editor in 97.67 ms, found 3 plugins.
Preloading 0 native plugins for Editor in 0.00 ms.
Initialize engine version: 2021.3.10f1 (1c7d0df0160b)
[Subsystems] Discovering subsystems at path C:/Program Files/Unity/Hub/Editor/2021.3.10f1/Editor/Data/Resources/UnitySubsystems
[Subsystems] Discovering subsystems at path C:/Users/migue/Pictures/Jairo/2022B/IDNP/FinalProyect/FinalProyect/Assets
GfxDevice: creating device client; threaded=0; jobified=0
Direct3D:
    Version:  Direct3D 11.0 [level 11.1]
    Renderer: NVIDIA GeForce RTX 2060 (ID=0x1f15)
    Vendor:   NVIDIA
    VRAM:     5968 MB
    Driver:   31.0.15.2698
Initialize mono
Mono path[0] = 'C:/Program Files/Unity/Hub/Editor/2021.3.10f1/Editor/Data/Managed'
Mono path[1] = 'C:/Program Files/Unity/Hub/Editor/2021.3.10f1/Editor/Data/MonoBleedingEdge/lib/mono/unityjit-win32'
Mono config path = 'C:/Program Files/Unity/Hub/Editor/2021.3.10f1/Editor/Data/MonoBleedingEdge/etc'
Using monoOptions --debugger-agent=transport=dt_socket,embedding=1,server=y,suspend=n,address=127.0.0.1:56472
Begin MonoManager ReloadAssembly
Registering precompiled unity dll's ...
Register platform support module: C:/Program Files/Unity/Hub/Editor/2021.3.10f1/Editor/Data/PlaybackEngines/WebGLSupport/UnityEditor.WebGL.Extensions.dll
Register platform support module: C:/Program Files/Unity/Hub/Editor/2021.3.10f1/Editor/Data/PlaybackEngines/WindowsStandaloneSupport/UnityEditor.WindowsStandalone.Extensions.dll
Registered in 0.005320 seconds.
Native extension for WindowsStandalone target not found
Native extension for WebGL target not found
Refreshing native plugins compatible for Editor in 82.34 ms, found 3 plugins.
Preloading 0 native plugins for Editor in 0.00 ms.
Mono: successfully reloaded assembly
- Completed reload, in  0.644 seconds
Domain Reload Profiling:
	ReloadAssembly (645ms)
		BeginReloadAssembly (72ms)
			ExecutionOrderSort (0ms)
			DisableScriptedObjects (0ms)
			BackupInstance (0ms)
			ReleaseScriptingObjects (0ms)
			CreateAndSetChildDomain (1ms)
		EndReloadAssembly (462ms)
			LoadAssemblies (70ms)
			RebuildTransferFunctionScriptingTraits (0ms)
			SetupTypeCache (108ms)
			ReleaseScriptCaches (0ms)
			RebuildScriptCaches (29ms)
			SetupLoadedEditorAssemblies (270ms)
				LogAssemblyErrors (0ms)
				InitializePlatformSupportModulesInManaged (8ms)
				SetLoadedEditorAssemblies (0ms)
				RefreshPlugins (82ms)
				BeforeProcessingInitializeOnLoad (1ms)
				ProcessInitializeOnLoadAttributes (130ms)
				ProcessInitializeOnLoadMethodAttributes (48ms)
				AfterProcessingInitializeOnLoad (0ms)
				EditorAssembliesLoaded (0ms)
			ExecutionOrderSort2 (0ms)
			AwakeInstancesAfterBackupRestoration (0ms)
Platform modules already initialized, skipping
Registering precompiled user dll's ...
Registered in 0.005726 seconds.
Begin MonoManager ReloadAssembly
Symbol file LoadedFromMemory doesn't match image C:\Users\migue\Pictures\Jairo\2022B\IDNP\FinalProyect\FinalProyect\Library\PackageCache\com.unity.visualscripting@1.7.8\Editor\VisualScripting.Core\Dependencies\YamlDotNet\Unity.VisualScripting.YamlDotNet.dll
Symbol file LoadedFromMemory doesn't match image C:\Users\migue\Pictures\Jairo\2022B\IDNP\FinalProyect\FinalProyect\Library\PackageCache\com.unity.visualscripting@1.7.8\Editor\VisualScripting.Core\Dependencies\DotNetZip\Unity.VisualScripting.IonicZip.dll
Native extension for WindowsStandalone target not found
Native extension for WebGL target not found
Refreshing native plugins compatible for Editor in 0.98 ms, found 3 plugins.
Preloading 0 native plugins for Editor in 0.00 ms.
Mono: successfully reloaded assembly
- Completed reload, in  1.083 seconds
Domain Reload Profiling:
	ReloadAssembly (1084ms)
		BeginReloadAssembly (117ms)
			ExecutionOrderSort (0ms)
			DisableScriptedObjects (5ms)
			BackupInstance (0ms)
			ReleaseScriptingObjects (0ms)
			CreateAndSetChildDomain (25ms)
		EndReloadAssembly (841ms)
			LoadAssemblies (84ms)
			RebuildTransferFunctionScriptingTraits (0ms)
			SetupTypeCache (279ms)
			ReleaseScriptCaches (1ms)
			RebuildScriptCaches (59ms)
			SetupLoadedEditorAssemblies (380ms)
				LogAssemblyErrors (0ms)
				InitializePlatformSupportModulesInManaged (7ms)
				SetLoadedEditorAssemblies (0ms)
				RefreshPlugins (1ms)
				BeforeProcessingInitializeOnLoad (112ms)
				ProcessInitializeOnLoadAttributes (226ms)
				ProcessInitializeOnLoadMethodAttributes (28ms)
				AfterProcessingInitializeOnLoad (6ms)
				EditorAssembliesLoaded (0ms)
			ExecutionOrderSort2 (0ms)
			AwakeInstancesAfterBackupRestoration (5ms)
Platform modules already initialized, skipping
========================================================================
Worker process is ready to serve import requests
Launched and connected shader compiler UnityShaderCompiler.exe after 0.04 seconds
Refreshing native plugins compatible for Editor in 0.55 ms, found 3 plugins.
Preloading 0 native plugins for Editor in 0.00 ms.
Unloading 3400 Unused Serialized files (Serialized files now loaded: 0)
Unloading 26 unused Assets / (88.0 KB). Loaded Objects now: 3864.
Memory consumption went from 119.6 MB to 119.5 MB.
Total: 3.680700 ms (FindLiveObjects: 0.330400 ms CreateObjectMapping: 0.234400 ms MarkObjects: 3.037800 ms  DeleteObjects: 0.077100 ms)

AssetImportParameters requested are different than current active one (requested -> active):
  custom:video-decoder-ogg-theora: a1e56fd34408186e4bbccfd4996cb3dc -> 
  custom:container-muxer-webm: aa71ff27fc2769a1b78a27578f13a17b -> 
  custom:container-demuxer-webm: 4f35f7cbe854078d1ac9338744f61a02 -> 
  custom:video-encoder-webm-vp8: eb34c28f22e8b96e1ab97ce403110664 -> 
  custom:audio-encoder-webm-vorbis: bf7c407c2cedff20999df2af8eb42d56 -> 
  custom:framework-win-MediaFoundation: 216162199b28c13a410421893ffa2e32 -> 
  custom:container-demuxer-ogg: 62fdf1f143b41e24485cea50d1cbac27 -> 
  custom:video-decoder-webm-vp8: 9c59270c3fd7afecdb556c50c9e8de78 -> 
  custom:audio-decoder-ogg-vorbis: bf7c407c2cedff20999df2af8eb42d56 -> 
========================================================================
Received Import Request.
  Time since last request: 300960.096622 seconds.
  path: Assets/Materials/New Physic Material.physicMaterial
  artifactKey: Guid(f07fa857e2e8de04cbc67c4e4ea60286) Importer(815301076,1909f56bfc062723c751e8b465ee728b)
Start importing Assets/Materials/New Physic Material.physicMaterial using Guid(f07fa857e2e8de04cbc67c4e4ea60286) Importer(815301076,1909f56bfc062723c751e8b465ee728b)  -> (artifact id: '1d4e8c230ed629330b0a3acecbc69193') in 0.037234 seconds 
========================================================================
Received Import Request.
  Time since last request: 4.391439 seconds.
  path: Assets/Materials/TextMaterial
  artifactKey: Guid(78f266f513d941b4f99b7295f16e49a5) Importer(815301076,1909f56bfc062723c751e8b465ee728b)
Start importing Assets/Materials/TextMaterial using Guid(78f266f513d941b4f99b7295f16e49a5) Importer(815301076,1909f56bfc062723c751e8b465ee728b)  -> (artifact id: 'eb94a54bab0e48b89606b39975584c21') in 0.015340 seconds 
========================================================================
Received Import Request.
  Time since last request: 0.025612 seconds.
  path: Assets/Materials/TextMaterial/New TMP Color Gradient.asset
  artifactKey: Guid(42a2109764fc3c845a18723ff537f428) Importer(815301076,1909f56bfc062723c751e8b465ee728b)
Start importing Assets/Materials/TextMaterial/New TMP Color Gradient.asset using Guid(42a2109764fc3c845a18723ff537f428) Importer(815301076,1909f56bfc062723c751e8b465ee728b)  -> (artifact id: '5ed036e4e698a7ec8a807eef0583c20f') in 0.008842 seconds 
========================================================================
Received Import Request.
  Time since last request: 8.908227 seconds.
  path: Assets/Materials/IntroMaterials
  artifactKey: Guid(8964173439f317443aff18e397af0057) Importer(815301076,1909f56bfc062723c751e8b465ee728b)
Start importing Assets/Materials/IntroMaterials using Guid(8964173439f317443aff18e397af0057) Importer(815301076,1909f56bfc062723c751e8b465ee728b)  -> (artifact id: '3d52e92bd2e62924ccfa1300b758c7c9') in 0.006933 seconds 
========================================================================
Received Import Request.
  Time since last request: 0.029453 seconds.
  path: Assets/Materials/IntroMaterials/foggy.png
  artifactKey: Guid(929c563b8a839db4aac90674e4232326) Importer(815301076,1909f56bfc062723c751e8b465ee728b)
Start importing Assets/Materials/IntroMaterials/foggy.png using Guid(929c563b8a839db4aac90674e4232326) Importer(815301076,1909f56bfc062723c751e8b465ee728b)  -> (artifact id: '7c181923eb66c1eee44aeab3d73ffae2') in 0.078538 seconds 
========================================================================
Received Import Request.
  Time since last request: 0.000018 seconds.
  path: Assets/Materials/IntroMaterials/space-2334655.jpg
  artifactKey: Guid(6d3397024182850489c223e0d3fda59e) Importer(815301076,1909f56bfc062723c751e8b465ee728b)
Start importing Assets/Materials/IntroMaterials/space-2334655.jpg using Guid(6d3397024182850489c223e0d3fda59e) Importer(815301076,1909f56bfc062723c751e8b465ee728b)  -> (artifact id: 'ae0bcb7bf6a758f618faa83e6b018f3e') in 0.219938 seconds 
========================================================================
Received Import Request.
  Time since last request: 3.360107 seconds.
  path: Assets/Materials/IntroMaterials/Planetas
  artifactKey: Guid(f34a62187554319409a9f50328c8b7f0) Importer(815301076,1909f56bfc062723c751e8b465ee728b)
Start importing Assets/Materials/IntroMaterials/Planetas using Guid(f34a62187554319409a9f50328c8b7f0) Importer(815301076,1909f56bfc062723c751e8b465ee728b)  -> (artifact id: 'b4ea09fabd6ed37e2927e83b44549686') in 0.015618 seconds 
========================================================================
Received Import Request.
  Time since last request: 0.046685 seconds.
  path: Assets/Materials/IntroMaterials/Planetas/planet18.png
  artifactKey: Guid(fda6edec385e59542a805d4cda565767) Importer(815301076,1909f56bfc062723c751e8b465ee728b)
Start importing Assets/Materials/IntroMaterials/Planetas/planet18.png using Guid(fda6edec385e59542a805d4cda565767) Importer(815301076,1909f56bfc062723c751e8b465ee728b)  -> (artifact id: '7b208f4cf526212546abf43d54e404ae') in 0.030111 seconds 
========================================================================
Received Import Request.
  Time since last request: 0.000022 seconds.
  path: Assets/Materials/IntroMaterials/Planetas/planet32.png
  artifactKey: Guid(e4be7969eaabf3e4a844cf64e721866c) Importer(815301076,1909f56bfc062723c751e8b465ee728b)
Start importing Assets/Materials/IntroMaterials/Planetas/planet32.png using Guid(e4be7969eaabf3e4a844cf64e721866c) Importer(815301076,1909f56bfc062723c751e8b465ee728b)  -> (artifact id: 'adfb2391138e624ff63962183b3d4e33') in 0.031307 seconds 
========================================================================
Received Import Request.
  Time since last request: 0.000025 seconds.
  path: Assets/Materials/IntroMaterials/Planetas/planet26.png
  artifactKey: Guid(2ef0f5a29012f7041be6b56f28e28f41) Importer(815301076,1909f56bfc062723c751e8b465ee728b)
Start importing Assets/Materials/IntroMaterials/Planetas/planet26.png using Guid(2ef0f5a29012f7041be6b56f28e28f41) Importer(815301076,1909f56bfc062723c751e8b465ee728b)  -> (artifact id: '7a0c200fa715cfff67995bb83ddd85d5') in 0.025329 seconds 
========================================================================
Received Import Request.
  Time since last request: 0.000037 seconds.
  path: Assets/Materials/IntroMaterials/Planetas/planet27.png
  artifactKey: Guid(1f7f5325f4b81cf42b840bfed1efe672) Importer(815301076,1909f56bfc062723c751e8b465ee728b)
Start importing Assets/Materials/IntroMaterials/Planetas/planet27.png using Guid(1f7f5325f4b81cf42b840bfed1efe672) Importer(815301076,1909f56bfc062723c751e8b465ee728b)  -> (artifact id: '7267d38d70e22a5a0151a9c743b6cce5') in 0.022597 seconds 
========================================================================
Received Import Request.
  Time since last request: 0.000019 seconds.
  path: Assets/Materials/IntroMaterials/Planetas/planet21.png
  artifactKey: Guid(2570137049aacc249ab82cbf2c9cea35) Importer(815301076,1909f56bfc062723c751e8b465ee728b)
Start importing Assets/Materials/IntroMaterials/Planetas/planet21.png using Guid(2570137049aacc249ab82cbf2c9cea35) Importer(815301076,1909f56bfc062723c751e8b465ee728b)  -> (artifact id: 'e6e13b1afa8906a81ce94a87825a8dbc') in 0.023531 seconds 
========================================================================
Received Import Request.
  Time since last request: 0.000021 seconds.
  path: Assets/Materials/IntroMaterials/Planetas/planet30.png
  artifactKey: Guid(177df48ae341a9848b436b87b2bfe641) Importer(815301076,1909f56bfc062723c751e8b465ee728b)
Start importing Assets/Materials/IntroMaterials/Planetas/planet30.png using Guid(177df48ae341a9848b436b87b2bfe641) Importer(815301076,1909f56bfc062723c751e8b465ee728b)  -> (artifact id: '561632e7cb00585a6467452f940bd473') in 0.333230 seconds 
Editor requested this worker to shutdown with reason: Scaling down because of idle timeout
AssetImportWorker is now disconnected from the server
Process exiting
Exiting without the bug reporter. Application will terminate with return code 0