Using pre-set license
Built from '2021.3/staging' branch; Version is '2021.3.10f1 (1c7d0df0160b) revision 1867021'; Using compiler version '192829333'; Build Type 'Release'
OS: 'Windows 11  (10.0.22621) 64bit Core' Language: 'en' Physical Memory: 16215 MB
BatchMode: 1, IsHumanControllingUs: 0, StartBugReporterOnCrash: 0, Is64bit: 1, IsPro: 1

COMMAND LINE ARGUMENTS:
C:\Program Files\Unity\Hub\Editor\2021.3.10f1\Editor\Unity.exe
-adb2
-batchMode
-noUpm
-name
AssetImportWorker2
-projectPath
C:/Users/migue/Pictures/Jairo/2022B/IDNP/FinalProyect/FinalProyect
-logFile
Logs/AssetImportWorker2.log
-srvPort
15634
Successfully changed project path to: C:/Users/migue/Pictures/Jairo/2022B/IDNP/FinalProyect/FinalProyect
C:/Users/migue/Pictures/Jairo/2022B/IDNP/FinalProyect/FinalProyect
[UnityMemory] Configuration Parameters - Can be set up in boot.config
    "memorysetup-bucket-allocator-granularity=16"
    "memorysetup-bucket-allocator-bucket-count=8"
    "memorysetup-bucket-allocator-block-size=33554432"
    "memorysetup-bucket-allocator-block-count=8"
    "memorysetup-main-allocator-block-size=16777216"
    "memorysetup-thread-allocator-block-size=16777216"
    "memorysetup-gfx-main-allocator-block-size=16777216"
    "memorysetup-gfx-thread-allocator-block-size=16777216"
    "memorysetup-cache-allocator-block-size=4194304"
    "memorysetup-typetree-allocator-block-size=2097152"
    "memorysetup-profiler-bucket-allocator-granularity=16"
    "memorysetup-profiler-bucket-allocator-bucket-count=8"
    "memorysetup-profiler-bucket-allocator-block-size=33554432"
    "memorysetup-profiler-bucket-allocator-block-count=8"
    "memorysetup-profiler-allocator-block-size=16777216"
    "memorysetup-profiler-editor-allocator-block-size=1048576"
    "memorysetup-temp-allocator-size-main=16777216"
    "memorysetup-job-temp-allocator-block-size=2097152"
    "memorysetup-job-temp-allocator-block-size-background=1048576"
    "memorysetup-job-temp-allocator-reduction-small-platforms=262144"
    "memorysetup-temp-allocator-size-background-worker=32768"
    "memorysetup-temp-allocator-size-job-worker=262144"
    "memorysetup-temp-allocator-size-preload-manager=33554432"
    "memorysetup-temp-allocator-size-nav-mesh-worker=65536"
    "memorysetup-temp-allocator-size-audio-worker=65536"
    "memorysetup-temp-allocator-size-cloud-worker=32768"
    "memorysetup-temp-allocator-size-gi-baking-worker=262144"
    "memorysetup-temp-allocator-size-gfx=262144"
Refreshing native plugins compatible for Editor in 110.09 ms, found 3 plugins.
Preloading 0 native plugins for Editor in 0.00 ms.
Initialize engine version: 2021.3.10f1 (1c7d0df0160b)
[Subsystems] Discovering subsystems at path C:/Program Files/Unity/Hub/Editor/2021.3.10f1/Editor/Data/Resources/UnitySubsystems
[Subsystems] Discovering subsystems at path C:/Users/migue/Pictures/Jairo/2022B/IDNP/FinalProyect/FinalProyect/Assets
GfxDevice: creating device client; threaded=0; jobified=0
Direct3D:
    Version:  Direct3D 11.0 [level 11.1]
    Renderer: NVIDIA GeForce RTX 2060 (ID=0x1f15)
    Vendor:   NVIDIA
    VRAM:     5968 MB
    Driver:   31.0.15.2698
Initialize mono
Mono path[0] = 'C:/Program Files/Unity/Hub/Editor/2021.3.10f1/Editor/Data/Managed'
Mono path[1] = 'C:/Program Files/Unity/Hub/Editor/2021.3.10f1/Editor/Data/MonoBleedingEdge/lib/mono/unityjit-win32'
Mono config path = 'C:/Program Files/Unity/Hub/Editor/2021.3.10f1/Editor/Data/MonoBleedingEdge/etc'
Using monoOptions --debugger-agent=transport=dt_socket,embedding=1,server=y,suspend=n,address=127.0.0.1:56196
Begin MonoManager ReloadAssembly
Registering precompiled unity dll's ...
Register platform support module: C:/Program Files/Unity/Hub/Editor/2021.3.10f1/Editor/Data/PlaybackEngines/WebGLSupport/UnityEditor.WebGL.Extensions.dll
Register platform support module: C:/Program Files/Unity/Hub/Editor/2021.3.10f1/Editor/Data/PlaybackEngines/WindowsStandaloneSupport/UnityEditor.WindowsStandalone.Extensions.dll
Registered in 0.005282 seconds.
Native extension for WindowsStandalone target not found
Native extension for WebGL target not found
Refreshing native plugins compatible for Editor in 92.50 ms, found 3 plugins.
Preloading 0 native plugins for Editor in 0.00 ms.
Mono: successfully reloaded assembly
- Completed reload, in  0.665 seconds
Domain Reload Profiling:
	ReloadAssembly (665ms)
		BeginReloadAssembly (71ms)
			ExecutionOrderSort (0ms)
			DisableScriptedObjects (0ms)
			BackupInstance (0ms)
			ReleaseScriptingObjects (0ms)
			CreateAndSetChildDomain (1ms)
		EndReloadAssembly (480ms)
			LoadAssemblies (68ms)
			RebuildTransferFunctionScriptingTraits (0ms)
			SetupTypeCache (114ms)
			ReleaseScriptCaches (0ms)
			RebuildScriptCaches (29ms)
			SetupLoadedEditorAssemblies (282ms)
				LogAssemblyErrors (0ms)
				InitializePlatformSupportModulesInManaged (8ms)
				SetLoadedEditorAssemblies (0ms)
				RefreshPlugins (93ms)
				BeforeProcessingInitializeOnLoad (1ms)
				ProcessInitializeOnLoadAttributes (128ms)
				ProcessInitializeOnLoadMethodAttributes (52ms)
				AfterProcessingInitializeOnLoad (0ms)
				EditorAssembliesLoaded (0ms)
			ExecutionOrderSort2 (0ms)
			AwakeInstancesAfterBackupRestoration (0ms)
Platform modules already initialized, skipping
Registering precompiled user dll's ...
Registered in 0.005113 seconds.
Begin MonoManager ReloadAssembly
Symbol file LoadedFromMemory doesn't match image C:\Users\migue\Pictures\Jairo\2022B\IDNP\FinalProyect\FinalProyect\Library\PackageCache\com.unity.visualscripting@1.7.8\Editor\VisualScripting.Core\Dependencies\YamlDotNet\Unity.VisualScripting.YamlDotNet.dll
Symbol file LoadedFromMemory doesn't match image C:\Users\migue\Pictures\Jairo\2022B\IDNP\FinalProyect\FinalProyect\Library\PackageCache\com.unity.visualscripting@1.7.8\Editor\VisualScripting.Core\Dependencies\DotNetZip\Unity.VisualScripting.IonicZip.dll
Native extension for WindowsStandalone target not found
Native extension for WebGL target not found
Refreshing native plugins compatible for Editor in 0.60 ms, found 3 plugins.
Preloading 0 native plugins for Editor in 0.00 ms.
Mono: successfully reloaded assembly
- Completed reload, in  1.066 seconds
Domain Reload Profiling:
	ReloadAssembly (1067ms)
		BeginReloadAssembly (118ms)
			ExecutionOrderSort (0ms)
			DisableScriptedObjects (7ms)
			BackupInstance (0ms)
			ReleaseScriptingObjects (0ms)
			CreateAndSetChildDomain (23ms)
		EndReloadAssembly (830ms)
			LoadAssemblies (84ms)
			RebuildTransferFunctionScriptingTraits (0ms)
			SetupTypeCache (281ms)
			ReleaseScriptCaches (1ms)
			RebuildScriptCaches (52ms)
			SetupLoadedEditorAssemblies (371ms)
				LogAssemblyErrors (0ms)
				InitializePlatformSupportModulesInManaged (6ms)
				SetLoadedEditorAssemblies (0ms)
				RefreshPlugins (1ms)
				BeforeProcessingInitializeOnLoad (90ms)
				ProcessInitializeOnLoadAttributes (237ms)
				ProcessInitializeOnLoadMethodAttributes (30ms)
				AfterProcessingInitializeOnLoad (6ms)
				EditorAssembliesLoaded (0ms)
			ExecutionOrderSort2 (0ms)
			AwakeInstancesAfterBackupRestoration (5ms)
Platform modules already initialized, skipping
========================================================================
Worker process is ready to serve import requests
Launched and connected shader compiler UnityShaderCompiler.exe after 0.04 seconds
Refreshing native plugins compatible for Editor in 0.60 ms, found 3 plugins.
Preloading 0 native plugins for Editor in 0.00 ms.
Unloading 3400 Unused Serialized files (Serialized files now loaded: 0)
Unloading 26 unused Assets / (88.0 KB). Loaded Objects now: 3864.
Memory consumption went from 119.6 MB to 119.5 MB.
Total: 3.612500 ms (FindLiveObjects: 0.276700 ms CreateObjectMapping: 0.223200 ms MarkObjects: 3.014100 ms  DeleteObjects: 0.097100 ms)

AssetImportParameters requested are different than current active one (requested -> active):
  custom:video-decoder-ogg-theora: a1e56fd34408186e4bbccfd4996cb3dc -> 
  custom:container-muxer-webm: aa71ff27fc2769a1b78a27578f13a17b -> 
  custom:container-demuxer-webm: 4f35f7cbe854078d1ac9338744f61a02 -> 
  custom:video-encoder-webm-vp8: eb34c28f22e8b96e1ab97ce403110664 -> 
  custom:audio-encoder-webm-vorbis: bf7c407c2cedff20999df2af8eb42d56 -> 
  custom:framework-win-MediaFoundation: 216162199b28c13a410421893ffa2e32 -> 
  custom:container-demuxer-ogg: 62fdf1f143b41e24485cea50d1cbac27 -> 
  custom:video-decoder-webm-vp8: 9c59270c3fd7afecdb556c50c9e8de78 -> 
  custom:audio-decoder-ogg-vorbis: bf7c407c2cedff20999df2af8eb42d56 -> 
========================================================================
Received Import Request.
  Time since last request: 300983.457356 seconds.
  path: Assets/Materials/NavMaterials
  artifactKey: Guid(ca7ee9d1efcd5014e9c7bf25e99aa1cc) Importer(815301076,1909f56bfc062723c751e8b465ee728b)
Start importing Assets/Materials/NavMaterials using Guid(ca7ee9d1efcd5014e9c7bf25e99aa1cc) Importer(815301076,1909f56bfc062723c751e8b465ee728b)  -> (artifact id: '50f456b148eea52e9845db9f3baddc2c') in 0.010859 seconds 
========================================================================
Received Import Request.
  Time since last request: 0.050017 seconds.
  path: Assets/Materials/NavMaterials/New Material.mat
  artifactKey: Guid(e1f2ef9e0bda38849b4978910f685555) Importer(815301076,1909f56bfc062723c751e8b465ee728b)
Start importing Assets/Materials/NavMaterials/New Material.mat using Guid(e1f2ef9e0bda38849b4978910f685555) Importer(815301076,1909f56bfc062723c751e8b465ee728b)  -> (artifact id: 'c28129dc993a04e436ab811b00fbb716') in 0.117104 seconds 
========================================================================
Received Import Request.
  Time since last request: 5.050902 seconds.
  path: Assets/Prefaps/Objects
  artifactKey: Guid(a195893e3e210cb42976897ce2bf953b) Importer(815301076,1909f56bfc062723c751e8b465ee728b)
Start importing Assets/Prefaps/Objects using Guid(a195893e3e210cb42976897ce2bf953b) Importer(815301076,1909f56bfc062723c751e8b465ee728b)  -> (artifact id: 'e510fde664fe8cc33ee8ded974702a48') in 0.005624 seconds 
========================================================================
Received Import Request.
  Time since last request: 0.057074 seconds.
  path: Assets/Prefaps/Objects/Casita.prefab
  artifactKey: Guid(59083f9203ffb5b42b512172c5f8b03d) Importer(815301076,1909f56bfc062723c751e8b465ee728b)
Start importing Assets/Prefaps/Objects/Casita.prefab using Guid(59083f9203ffb5b42b512172c5f8b03d) Importer(815301076,1909f56bfc062723c751e8b465ee728b)  -> (artifact id: '6b1ce36a4045afeb3ed41dd2d203f2ef') in 0.028525 seconds 
========================================================================
Received Import Request.
  Time since last request: 9.389014 seconds.
  path: Assets/Sounds/CoheteAudio.wav
  artifactKey: Guid(0281b1aa927a1034b994af1f211cef8e) Importer(815301076,1909f56bfc062723c751e8b465ee728b)
Start importing Assets/Sounds/CoheteAudio.wav using Guid(0281b1aa927a1034b994af1f211cef8e) Importer(815301076,1909f56bfc062723c751e8b465ee728b)  -> (artifact id: 'df31bd62afb39b62c849e13248fa32a5') in 0.054977 seconds 
========================================================================
Received Import Request.
  Time since last request: 453.501614 seconds.
  path: Assets/Scenes/IntroMenu.unity
  artifactKey: Guid(06f8d8d8a3e29764d8499ff2e034f069) Importer(815301076,1909f56bfc062723c751e8b465ee728b)
Start importing Assets/Scenes/IntroMenu.unity using Guid(06f8d8d8a3e29764d8499ff2e034f069) Importer(815301076,1909f56bfc062723c751e8b465ee728b)  -> (artifact id: '261d4b149de55b43a81de259b98907ec') in 0.005989 seconds 
========================================================================
Received Import Request.
  Time since last request: 46.725802 seconds.
  path: Assets/Models/Archway.fbx
  artifactKey: Guid(bcd64dd886c21ea44942ab0bbbe60023) Importer(815301076,1909f56bfc062723c751e8b465ee728b)
Start importing Assets/Models/Archway.fbx using Guid(bcd64dd886c21ea44942ab0bbbe60023) Importer(815301076,1909f56bfc062723c751e8b465ee728b)  -> (artifact id: '5a375e0c1f3f03ac84dc0d0d310a96cd') in 0.062167 seconds 
========================================================================
Received Import Request.
  Time since last request: 0.000020 seconds.
  path: Assets/Models/billboard_3D_tall.fbx
  artifactKey: Guid(7d7b42aa97761b140bee2b1ab449a315) Importer(815301076,1909f56bfc062723c751e8b465ee728b)
Start importing Assets/Models/billboard_3D_tall.fbx using Guid(7d7b42aa97761b140bee2b1ab449a315) Importer(815301076,1909f56bfc062723c751e8b465ee728b)  -> (artifact id: 'e87624a2c262ed3457177acc6116336d') in 0.053607 seconds 
========================================================================
Received Import Request.
  Time since last request: 0.000030 seconds.
  path: Assets/Models/Mesh_Jetpack.fbx
  artifactKey: Guid(aba52f7eba1fbed4aa97c2b5b04be9ea) Importer(815301076,1909f56bfc062723c751e8b465ee728b)
Start importing Assets/Models/Mesh_Jetpack.fbx using Guid(aba52f7eba1fbed4aa97c2b5b04be9ea) Importer(815301076,1909f56bfc062723c751e8b465ee728b)  -> (artifact id: '03e4fc3d604648cb29e1975dd36b6bdd') in 0.043012 seconds 
========================================================================
Received Import Request.
  Time since last request: 0.000035 seconds.
  path: Assets/Models/Cookie.fbx
  artifactKey: Guid(849cd507a5802b44db2256dde11e3240) Importer(815301076,1909f56bfc062723c751e8b465ee728b)
Start importing Assets/Models/Cookie.fbx using Guid(849cd507a5802b44db2256dde11e3240) Importer(815301076,1909f56bfc062723c751e8b465ee728b)  -> (artifact id: '74f84e128bfec5945c7f5de9bb890c71') in 0.049097 seconds 
========================================================================
Received Import Request.
  Time since last request: 0.000023 seconds.
  path: Assets/Models/Nave.3ds
  artifactKey: Guid(71f02b36b76748b40816381c082fbd3a) Importer(815301076,1909f56bfc062723c751e8b465ee728b)
Start importing Assets/Models/Nave.3ds using Guid(71f02b36b76748b40816381c082fbd3a) Importer(815301076,1909f56bfc062723c751e8b465ee728b)  -> (artifact id: 'f708265f2489dfaf2c28ebbfc08ed1f2') in 0.238418 seconds 
========================================================================
Received Import Request.
  Time since last request: 0.000027 seconds.
  path: Assets/Models/OBJWall_4m.obj
  artifactKey: Guid(ea27de970b50666499fcc4381d658b49) Importer(815301076,1909f56bfc062723c751e8b465ee728b)
Start importing Assets/Models/OBJWall_4m.obj using Guid(ea27de970b50666499fcc4381d658b49) Importer(815301076,1909f56bfc062723c751e8b465ee728b)  -> (artifact id: 'cd90882900278bacbf74f04c4b7ddfa2') in 0.039752 seconds 
========================================================================
Received Import Request.
  Time since last request: 0.000076 seconds.
  path: Assets/Models/Obelisk.fbx
  artifactKey: Guid(2f5f0f6b66c019842be6a349a471bc6c) Importer(815301076,1909f56bfc062723c751e8b465ee728b)
Start importing Assets/Models/Obelisk.fbx using Guid(2f5f0f6b66c019842be6a349a471bc6c) Importer(815301076,1909f56bfc062723c751e8b465ee728b)  -> (artifact id: '9c5415c7f2d1b2338411f3e4cafbeb15') in 0.026980 seconds 
========================================================================
Received Import Request.
  Time since last request: 0.000029 seconds.
  path: Assets/Models/OBJAltar.obj
  artifactKey: Guid(ca9653b400454fa4089080256dd4aad8) Importer(815301076,1909f56bfc062723c751e8b465ee728b)
Start importing Assets/Models/OBJAltar.obj using Guid(ca9653b400454fa4089080256dd4aad8) Importer(815301076,1909f56bfc062723c751e8b465ee728b)  -> (artifact id: 'da076764b161d5c064a7895ba7cbeb70') in 0.031632 seconds 
========================================================================
Received Import Request.
  Time since last request: 0.000035 seconds.
  path: Assets/Models/SatelliteDish.fbx
  artifactKey: Guid(74f7e00d26c9e614992683048e50382a) Importer(815301076,1909f56bfc062723c751e8b465ee728b)
Start importing Assets/Models/SatelliteDish.fbx using Guid(74f7e00d26c9e614992683048e50382a) Importer(815301076,1909f56bfc062723c751e8b465ee728b)  -> (artifact id: 'b729aba5ff4245a8eece6ecd4247b29a') in 0.028351 seconds 
========================================================================
Received Import Request.
  Time since last request: 0.000026 seconds.
  path: Assets/Models/OBJFloor_HalfIndented.obj
  artifactKey: Guid(814e6a34688663148ab9893745295811) Importer(815301076,1909f56bfc062723c751e8b465ee728b)
Start importing Assets/Models/OBJFloor_HalfIndented.obj using Guid(814e6a34688663148ab9893745295811) Importer(815301076,1909f56bfc062723c751e8b465ee728b)  -> (artifact id: '34b20a3d1c0989a59c58d258a432e5dc') in 0.031586 seconds 
========================================================================
Received Import Request.
  Time since last request: 0.000023 seconds.
  path: Assets/Models/Mesh_Weapon_Primary.fbx
  artifactKey: Guid(ba9d31383b69076479b4441928e856ef) Importer(815301076,1909f56bfc062723c751e8b465ee728b)
Start importing Assets/Models/Mesh_Weapon_Primary.fbx using Guid(ba9d31383b69076479b4441928e856ef) Importer(815301076,1909f56bfc062723c751e8b465ee728b)  -> (artifact id: '27c763dcc3a0072030f85c66ac33c370') in 0.118609 seconds 
========================================================================
Received Import Request.
  Time since last request: 0.000023 seconds.
  path: Assets/Models/Rocket.fbx
  artifactKey: Guid(ed560344ab097c249884baf18f8becbd) Importer(815301076,1909f56bfc062723c751e8b465ee728b)
Start importing Assets/Models/Rocket.fbx using Guid(ed560344ab097c249884baf18f8becbd) Importer(815301076,1909f56bfc062723c751e8b465ee728b)  -> (artifact id: '56c5f653e8612dcd5f98160b0c61c078') in 0.032438 seconds 
========================================================================
Received Import Request.
  Time since last request: 0.000028 seconds.
  path: Assets/Models/New Material.mat
  artifactKey: Guid(36c6ced06ebceed49a2106f2892366c4) Importer(815301076,1909f56bfc062723c751e8b465ee728b)
Start importing Assets/Models/New Material.mat using Guid(36c6ced06ebceed49a2106f2892366c4) Importer(815301076,1909f56bfc062723c751e8b465ee728b)  -> (artifact id: 'ea346ff467b32409021ebe5168f9f76d') in 0.015147 seconds 
Editor requested this worker to shutdown with reason: Scaling down because of idle timeout
AssetImportWorker is now disconnected from the server
Process exiting
Exiting without the bug reporter. Application will terminate with return code 0